<?xml version="1.0" encoding="utf-8"?><testsuites><testsuite name="pytest" errors="0" failures="0" skipped="0" tests="32" time="5.806" timestamp="2023-06-15T12:13:08.328839" hostname="Nazareno"><testcase classname="app.test.controllers.test_beverage" name="test_create" time="0.319" /><testcase classname="app.test.controllers.test_beverage" name="test_update" time="0.128" /><testcase classname="app.test.controllers.test_beverage" name="test_get_by_id" time="0.139" /><testcase classname="app.test.controllers.test_beverage" name="test_get_all" time="0.181" /><testcase classname="app.test.controllers.test_customer" name="test_create" time="0.126" /><testcase classname="app.test.controllers.test_customer" name="test_update" time="0.119" /><testcase classname="app.test.controllers.test_customer" name="test_get_by_id" time="0.110" /><testcase classname="app.test.controllers.test_customer" name="test_get_all" time="0.199" /><testcase classname="app.test.controllers.test_ingredient" name="test_create" time="0.126" /><testcase classname="app.test.controllers.test_ingredient" name="test_update" time="0.125" /><testcase classname="app.test.controllers.test_ingredient" name="test_get_by_id" time="0.115" /><testcase classname="app.test.controllers.test_ingredient" name="test_get_all" time="0.193" /><testcase classname="app.test.controllers.test_order" name="test_create" time="0.272" /><testcase classname="app.test.controllers.test_order" name="test_calculate_order_price" time="0.267" /><testcase classname="app.test.controllers.test_order" name="test_get_by_id" time="0.264" /><testcase classname="app.test.controllers.test_order" name="test_get_all" time="0.349" /><testcase classname="app.test.controllers.test_size" name="test_create" time="0.120" /><testcase classname="app.test.controllers.test_size" name="test_update" time="0.113" /><testcase classname="app.test.controllers.test_size" name="test_get_by_id" time="0.109" /><testcase classname="app.test.controllers.test_size" name="test_get_all" time="0.203" /><testcase classname="app.test.services.test_beverage" name="test_create_beverage_service" time="0.131" /><testcase classname="app.test.services.test_beverage" name="test_update_beverage_service" time="0.139" /><testcase classname="app.test.services.test_beverage" name="test_get_beverage_by_id_service" time="0.128" /><testcase classname="app.test.services.test_beverage" name="test_get_beverages_service" time="0.216" /><testcase classname="app.test.services.test_ingredient" name="test_create_ingredient_service" time="0.113" /><testcase classname="app.test.services.test_ingredient" name="test_update_ingredient_service" time="0.120" /><testcase classname="app.test.services.test_ingredient" name="test_get_ingredient_by_id_service" time="0.115" /><testcase classname="app.test.services.test_ingredient" name="test_get_ingredients_service" time="0.200" /><testcase classname="app.test.services.test_size" name="test_create_size_service" time="0.115" /><testcase classname="app.test.services.test_size" name="test_update_size_service" time="0.119" /><testcase classname="app.test.services.test_size" name="test_get_size_by_id_service" time="0.112" /><testcase classname="app.test.services.test_size" name="test_get_sizes_service" time="0.195" /></testsuite></testsuites>